<?xml version="1.0" encoding="UTF-8"?>
<testsuite name="com.example.nguyenphuongnam.ExampleUnitTest" tests="1" skipped="0" failures="0" errors="0" timestamp="2025-02-11T10:09:19" hostname="LAPTOP-TPPG221P" time="0.008">
  <properties/>
  <testcase name="addition_isCorrect" classname="com.example.nguyenphuongnam.ExampleUnitTest" time="0.008"/>
  <system-out><![CDATA[]]></system-out>
  <system-err><![CDATA[]]></system-err>
</testsuite>
